0 info it worked if it ends with ok
1 verbose cli [ '/home/linuxmachine/.nvm/versions/node/v6.2.2/bin/node',
1 verbose cli   '/home/linuxmachine/.nvm/versions/node/v6.2.2/bin/npm',
1 verbose cli   'start' ]
2 info using npm@3.9.5
3 info using node@v6.2.2
4 verbose run-script [ 'prestart', 'start', 'poststart' ]
5 info lifecycle ng2-admin@0.8.0~prestart: ng2-admin@0.8.0
6 silly lifecycle ng2-admin@0.8.0~prestart: no script for prestart, continuing
7 info lifecycle ng2-admin@0.8.0~start: ng2-admin@0.8.0
8 verbose lifecycle ng2-admin@0.8.0~start: unsafe-perm in lifecycle true
9 verbose lifecycle ng2-admin@0.8.0~start: PATH: /home/linuxmachine/.nvm/versions/node/v6.2.2/lib/node_modules/npm/bin/node-gyp-bin:/home/linuxmachine/Documents/sousChef/SousChef/node_modules/.bin:/home/linuxmachine/.nvm/versions/node/v6.2.2/bin:/home/linuxmachine/.nvm/versions/node/v6.2.2/bin:/home/linuxmachine/bin:/home/linuxmachine/.local/bin:/usr/local/sbin:/usr/local/bin:/usr/sbin:/usr/bin:/sbin:/bin:/usr/games:/usr/local/games:/snap/bin
10 verbose lifecycle ng2-admin@0.8.0~start: CWD: /home/linuxmachine/Documents/sousChef/SousChef
11 silly lifecycle ng2-admin@0.8.0~start: Args: [ '-c', 'npm run server:dev' ]
12 silly lifecycle ng2-admin@0.8.0~start: Returned: code: 1  signal: null
13 info lifecycle ng2-admin@0.8.0~start: Failed to exec start script
14 verbose stack Error: ng2-admin@0.8.0 start: `npm run server:dev`
14 verbose stack Exit status 1
14 verbose stack     at EventEmitter.<anonymous> (/home/linuxmachine/.nvm/versions/node/v6.2.2/lib/node_modules/npm/lib/utils/lifecycle.js:245:16)
14 verbose stack     at emitTwo (events.js:106:13)
14 verbose stack     at EventEmitter.emit (events.js:191:7)
14 verbose stack     at ChildProcess.<anonymous> (/home/linuxmachine/.nvm/versions/node/v6.2.2/lib/node_modules/npm/lib/utils/spawn.js:24:14)
14 verbose stack     at emitTwo (events.js:106:13)
14 verbose stack     at ChildProcess.emit (events.js:191:7)
14 verbose stack     at maybeClose (internal/child_process.js:852:16)
14 verbose stack     at Process.ChildProcess._handle.onexit (internal/child_process.js:215:5)
15 verbose pkgid ng2-admin@0.8.0
16 verbose cwd /home/linuxmachine/Documents/sousChef/SousChef
17 error Linux 4.4.0-57-generic
18 error argv "/home/linuxmachine/.nvm/versions/node/v6.2.2/bin/node" "/home/linuxmachine/.nvm/versions/node/v6.2.2/bin/npm" "start"
19 error node v6.2.2
20 error npm  v3.9.5
21 error code ELIFECYCLE
22 error ng2-admin@0.8.0 start: `npm run server:dev`
22 error Exit status 1
23 error Failed at the ng2-admin@0.8.0 start script 'npm run server:dev'.
23 error Make sure you have the latest version of node.js and npm installed.
23 error If you do, this is most likely a problem with the ng2-admin package,
23 error not with npm itself.
23 error Tell the author that this fails on your system:
23 error     npm run server:dev
23 error You can get information on how to open an issue for this project with:
23 error     npm bugs ng2-admin
23 error Or if that isn't available, you can get their info via:
23 error     npm owner ls ng2-admin
23 error There is likely additional logging output above.
24 verbose exit [ 1, true ]
